app/build/intermediates/manifest_merge_blame_file/debug/manifest-merger-blame-debug-report.txt
1<?xml version="1.0" encoding="utf-8"?>
2<manifest xmlns:android="http://schemas.android.com/apk/res/android"
3    package="com.example.digitalrestaurant"
4    android:versionCode="1"
5    android:versionName="1.0" >
6
7    <uses-sdk
8        android:minSdkVersion="21"
8-->src/main/AndroidManifest.xml
9        android:targetSdkVersion="31" />
9-->src/main/AndroidManifest.xml
10
11    <application
11-->src/main/AndroidManifest.xml:5:5-63:19
12        android:allowBackup="true"
12-->src/main/AndroidManifest.xml:6:9-35
13        android:appComponentFactory="androidx.core.app.CoreComponentFactory"
13-->[androidx.core:core:1.3.1] AndroidManifest.xml:24:18-86
14        android:debuggable="true"
15        android:icon="@mipmap/ic_launcher"
15-->src/main/AndroidManifest.xml:7:9-43
16        android:label="@string/app_name"
16-->src/main/AndroidManifest.xml:8:9-41
17        android:roundIcon="@mipmap/ic_launcher_round"
17-->src/main/AndroidManifest.xml:9:9-54
18        android:supportsRtl="true"
18-->src/main/AndroidManifest.xml:10:9-35
19        android:testOnly="true"
20        android:theme="@style/Theme.DigitalRestaurant" >
20-->src/main/AndroidManifest.xml:11:9-55
21        <activity
21-->src/main/AndroidManifest.xml:12:9-14:40
22            android:name="com.example.digitalrestaurant.Authentications.SellerUploadPage"
22-->src/main/AndroidManifest.xml:13:13-61
23            android:exported="false" />
23-->src/main/AndroidManifest.xml:14:13-37
24        <activity
24-->src/main/AndroidManifest.xml:15:9-17:40
25            android:name="com.example.digitalrestaurant.Authentications.Customer"
25-->src/main/AndroidManifest.xml:16:13-53
26            android:exported="false" />
26-->src/main/AndroidManifest.xml:17:13-37
27        <activity
27-->src/main/AndroidManifest.xml:19:9-21:40
28            android:name="com.example.digitalrestaurant.HomePage"
28-->src/main/AndroidManifest.xml:20:13-37
29            android:exported="false" />
29-->src/main/AndroidManifest.xml:21:13-37
30        <activity
30-->src/main/AndroidManifest.xml:22:9-24:40
31            android:name="com.example.digitalrestaurant.Kitchens.ApprokoKitchen"
31-->src/main/AndroidManifest.xml:23:13-52
32            android:exported="false" />
32-->src/main/AndroidManifest.xml:24:13-37
33        <activity
33-->src/main/AndroidManifest.xml:26:9-28:40
34            android:name="com.example.digitalrestaurant.Order"
34-->src/main/AndroidManifest.xml:27:13-34
35            android:exported="false" />
35-->src/main/AndroidManifest.xml:28:13-37
36        <activity
36-->src/main/AndroidManifest.xml:29:9-31:40
37            android:name="com.example.digitalrestaurant.Menu"
37-->src/main/AndroidManifest.xml:30:13-33
38            android:exported="false" />
38-->src/main/AndroidManifest.xml:31:13-37
39        <activity
39-->src/main/AndroidManifest.xml:32:9-34:40
40            android:name="com.example.digitalrestaurant.Kitchens.AdaKitchen"
40-->src/main/AndroidManifest.xml:33:13-48
41            android:exported="false" />
41-->src/main/AndroidManifest.xml:34:13-37
42        <activity
42-->src/main/AndroidManifest.xml:35:9-37:40
43            android:name="com.example.digitalrestaurant.Cart"
43-->src/main/AndroidManifest.xml:36:13-33
44            android:exported="false" />
44-->src/main/AndroidManifest.xml:37:13-37
45        <activity
45-->src/main/AndroidManifest.xml:38:9-40:40
46            android:name="com.example.digitalrestaurant.Kitchens.Stainless"
46-->src/main/AndroidManifest.xml:39:13-47
47            android:exported="false" />
47-->src/main/AndroidManifest.xml:40:13-37
48        <activity
48-->src/main/AndroidManifest.xml:41:9-43:40
49            android:name="com.example.digitalrestaurant.Kitchens.ObandeKitchen"
49-->src/main/AndroidManifest.xml:42:13-51
50            android:exported="false" />
50-->src/main/AndroidManifest.xml:43:13-37
51        <activity
51-->src/main/AndroidManifest.xml:44:9-46:40
52            android:name="com.example.digitalrestaurant.Authentications.SignupPage"
52-->src/main/AndroidManifest.xml:45:13-55
53            android:exported="false" />
53-->src/main/AndroidManifest.xml:46:13-37
54        <activity
54-->src/main/AndroidManifest.xml:47:9-49:40
55            android:name="com.example.digitalrestaurant.Authentications.LoginPage"
55-->src/main/AndroidManifest.xml:48:13-54
56            android:exported="false" />
56-->src/main/AndroidManifest.xml:49:13-37
57        <activity
57-->src/main/AndroidManifest.xml:50:9-58:20
58            android:name="com.example.digitalrestaurant.Authentications.IntroPage"
58-->src/main/AndroidManifest.xml:51:13-54
59            android:exported="true" >
59-->src/main/AndroidManifest.xml:52:13-36
60            <intent-filter>
60-->src/main/AndroidManifest.xml:53:13-57:29
61                <action android:name="android.intent.action.MAIN" />
61-->src/main/AndroidManifest.xml:54:17-69
61-->src/main/AndroidManifest.xml:54:25-66
62
63                <category android:name="android.intent.category.LAUNCHER" />
63-->src/main/AndroidManifest.xml:56:17-77
63-->src/main/AndroidManifest.xml:56:27-74
64            </intent-filter>
65        </activity>
66
67        <meta-data
67-->src/main/AndroidManifest.xml:60:9-62:57
68            android:name="preloaded_fonts"
68-->src/main/AndroidManifest.xml:61:13-43
69            android:resource="@array/preloaded_fonts" />
69-->src/main/AndroidManifest.xml:62:13-54
70    </application>
71
72</manifest>